<?xml version="1.0" encoding="UTF-8"?>
<!-- Generated by org.testng.reporters.JUnitReportReporter -->
<testsuite hostname="Haris-MacBook-Pro.local" failures="0" tests="3" name="testngFramework.TestNG_Annotations" time="0.042" errors="0" timestamp="14 Apr 2021 01:03:47 GMT">
  <testcase classname="testngFramework.TestNG_Annotations" name="testMethod" time="0.024"/>
  <testcase classname="testngFramework.TestNG_Annotations" name="testMethod" time="0.012"/>
  <testcase classname="testngFramework.TestNG_Annotations" name="testMethod" time="0.006"/>
</testsuite> <!-- testngFramework.TestNG_Annotations -->
