<?xml version="1.0" encoding="UTF-8"?>
<!-- Generated by org.testng.reporters.JUnitReportReporter -->
<testsuite hostname="Haris-MacBook-Pro.local" failures="0" tests="2" name="testngFramework.TestNG_LaunchBrowsers" time="10.947" errors="0" timestamp="14 Apr 2021 01:04:49 GMT">
  <testcase classname="testngFramework.TestNG_LaunchBrowsers" name="Browserlaunch" time="4.558"/>
  <testcase classname="testngFramework.TestNG_LaunchBrowsers" name="Browserlaunch" time="6.389"/>
</testsuite> <!-- testngFramework.TestNG_LaunchBrowsers -->
