<?xml version="1.0" encoding="UTF-8"?>
<!-- Generated by org.testng.reporters.JUnitReportReporter -->
<testsuite hostname="Haris-MacBook-Pro.local" failures="0" tests="1" name="testngFramework.TestNG_Basics" time="0.011" errors="0" timestamp="14 Apr 2021 01:04:05 GMT">
  <testcase classname="testngFramework.TestNG_Basics" name="basics" time="0.011"/>
</testsuite> <!-- testngFramework.TestNG_Basics -->
