<?xml version="1.0" encoding="UTF-8"?>
<!-- Generated by org.testng.reporters.JUnitReportReporter -->
<testsuite hostname="Haris-MacBook-Pro.local" failures="0" tests="3" name="testngFramework.TestNG_dataProvider" time="0.015" errors="0" timestamp="14 Apr 2021 01:04:25 GMT">
  <testcase classname="testngFramework.TestNG_dataProvider" name="testMethod" time="0.003"/>
  <testcase classname="testngFramework.TestNG_dataProvider" name="testMethod" time="0.005"/>
  <testcase classname="testngFramework.TestNG_dataProvider" name="testMethod" time="0.007"/>
</testsuite> <!-- testngFramework.TestNG_dataProvider -->
